<?xml version="1.0" encoding="UTF-8" ?>
<testsuite errors="0" failures="0" hostname="Daves-Mac.local" name="com.canoo.webtest.extension.NormalizeXmlFilterTest" skipped="0" tests="3" time="0.025" timestamp="2017-07-18T00:42:18">
  <properties>
    <property name="ant.file.type.CanooWebTest" value="file" />
    <property name="file.encoding.pkg" value="sun.io" />
    <property name="xalan:xalan:jar" value="/Users/dparillo/.m2/repository/xalan/xalan/2.7.1/xalan-2.7.1.jar" />
    <property name="cglib:cglib-nodep:jar" value="/Users/dparillo/.m2/repository/cglib/cglib-nodep/2.1_2/cglib-nodep-2.1_2.jar" />
    <property name="java.home" value="/Library/Java/JavaVirtualMachines/jdk1.8.0_60.jdk/Contents/Home/jre" />
    <property name="stax:stax-api:jar" value="/Users/dparillo/.m2/repository/stax/stax-api/1.0.1/stax-api-1.0.1.jar" />
    <property name="commons-lang:commons-lang:jar" value="/Users/dparillo/.m2/repository/commons-lang/commons-lang/2.6/commons-lang-2.6.jar" />
    <property name="src.test.dir" value="/Users/dparillo/dev/NITES/svn/git/webtest/src/test/java" />
    <property name="env.DISPLAY" value="/private/tmp/com.apple.launchd.ZAUaFalJdl/org.macosforge.xquartz:0" />
    <property name="env.NCARG_ROOT" value="/Users/dparillo/dev/APS/wrf/ncl" />
    <property name="java.endorsed.dirs" value="/Library/Java/JavaVirtualMachines/jdk1.8.0_60.jdk/Contents/Home/jre/lib/endorsed" />
    <property name="env.LOGNAME" value="dparillo" />
    <property name="commons-collections:commons-collections:jar" value="/Users/dparillo/.m2/repository/commons-collections/commons-collections/3.2.1/commons-collections-3.2.1.jar" />
    <property name="sun.os.patch.level" value="unknown" />
    <property name="java.vendor.url" value="http://java.oracle.com/" />
    <property name="net.sf.opencsv:opencsv:jar" value="/Users/dparillo/.m2/repository/net/sf/opencsv/opencsv/2.3/opencsv-2.3.jar" />
    <property name="env.TERM_PROGRAM_VERSION" value="343.7" />
    <property name="java.version" value="1.8.0_60" />
    <property name="javax.servlet:servlet-api:jar" value="/Users/dparillo/.m2/repository/javax/servlet/servlet-api/2.4/servlet-api-2.4.jar" />
    <property name="java.vendor.url.bug" value="http://bugreport.sun.com/bugreport/" />
    <property name="javadoc.dir" value="/Users/dparillo/dev/NITES/svn/git/webtest/build/docs/api" />
    <property name="ant.project.invoked-targets" value="unitTest" />
    <property name="org.hamcrest:hamcrest-all:jar" value="/Users/dparillo/.m2/repository/org/hamcrest/hamcrest-all/1.3/hamcrest-all-1.3.jar" />
    <property name="user.name" value="dparillo" />
    <property name="env.LANG" value="en_US.UTF-8" />
    <property name="javax.activation:activation:jar" value="/Users/dparillo/.m2/repository/javax/activation/activation/1.1/activation-1.1.jar" />
    <property name="cloverdoc.dir" value="/Users/dparillo/dev/NITES/svn/git/webtest/build/docs/clover" />
    <property name="sun.io.unicode.encoding" value="UnicodeBig" />
    <property name="sun.jnu.encoding" value="UTF-8" />
    <property name="java.runtime.name" value="Java(TM) SE Runtime Environment" />
    <property name="src.main.dir" value="/Users/dparillo/dev/NITES/svn/git/webtest/src/main/java" />
    <property name="java.specification.name" value="Java Platform API Specification" />
    <property name="log4j:log4j:jar" value="/Users/dparillo/.m2/repository/log4j/log4j/1.2.17/log4j-1.2.17.jar" />
    <property name="ftp.nonProxyHosts" value="local|*.local|169.254/16|*.169.254/16" />
    <property name="user.timezone" value="" />
    <property name="webtest.protocol" value="http" />
    <property name="path.separator" value=":" />
    <property name="buildnumber" value="development-20170717.1741" />
    <property name="file.encoding" value="UTF-8" />
    <property name="org.apache.geronimo.specs:geronimo-stax-api_1.0_spec:jar" value="/Users/dparillo/.m2/repository/org/apache/geronimo/specs/geronimo-stax-api_1.0_spec/1.0/geronimo-stax-api_1.0_spec-1.0.jar" />
    <property name="org.apache.commons:commons-lang3:jar" value="/Users/dparillo/.m2/repository/org/apache/commons/commons-lang3/3.1/commons-lang3-3.1.jar" />
    <property name="installTest.dir" value="/Users/dparillo/dev/NITES/svn/git/webtest/build/installTest" />
    <property name="ant.project.default-target" value="develop" />
    <property name="env.HOME" value="/Users/dparillo" />
    <property name="sun.java.command" value="org.apache.tools.ant.taskdefs.optional.junit.JUnitTestRunner testsfile=/Users/dparillo/dev/NITES/svn/git/webtest/junittestcases4218063276616276248.properties skipNonTests=false filtertrace=true haltOnError=false haltOnFailure=true formatter=org.apache.tools.ant.taskdefs.optional.junit.SummaryJUnitResultFormatter showoutput=false outputtoformatters=true logfailedtests=true threadid=0 logtestlistenerevents=false formatter=org.apache.tools.ant.taskdefs.optional.junit.XMLJUnitResultFormatter,/Users/dparillo/dev/NITES/svn/git/webtest/build/test-reports/IGNORETHIS.xml crashfile=/Users/dparillo/dev/NITES/svn/git/webtest/junitvmwatcher630190323681983568.properties propsfile=/Users/dparillo/dev/NITES/svn/git/webtest/junit2581681550078128860.properties" />
    <property name="env.TERM_SESSION_ID" value="844F8BFE-9EEA-4FD8-A24B-313933E4012E" />
    <property name="org.codehaus.groovy:groovy-all:jar" value="/Users/dparillo/.m2/repository/org/codehaus/groovy/groovy-all/2.4.12/groovy-all-2.4.12.jar" />
    <property name="socksNonProxyHosts" value="local|*.local|169.254/16|*.169.254/16" />
    <property name="junitTestReport.file" value="TestReport.xml" />
    <property name="ant.file" value="/Users/dparillo/dev/NITES/svn/git/webtest/build.xml" />
    <property name="testlibs.dir" value="/Users/dparillo/dev/NITES/svn/git/webtest/testlibs" />
    <property name="build.generated" value="/Users/dparillo/dev/NITES/svn/git/webtest/build/classes/generated" />
    <property name="maven-ant-tasks-jar" value="lib/build/maven-ant-tasks-2.1.3.custom.jar" />
    <property name="junitrep.dir" value="/Users/dparillo/dev/NITES/svn/git/webtest/build/test-reports" />
    <property name="commons-io:commons-io:jar" value="/Users/dparillo/.m2/repository/commons-io/commons-io/2.2/commons-io-2.2.jar" />
    <property name="org.apache.pdfbox:jempbox:jar" value="/Users/dparillo/.m2/repository/org/apache/pdfbox/jempbox/1.4.0/jempbox-1.4.0.jar" />
    <property name="commons-codec:commons-codec:jar" value="/Users/dparillo/.m2/repository/commons-codec/commons-codec/1.6/commons-codec-1.6.jar" />
    <property name="java.io.tmpdir" value="/var/folders/_v/dgtryp4s1y31fhznr66lbkhc0000gn/T/" />
    <property name="TODAY" value="July 17 2017" />
    <property name="user.language" value="en" />
    <property name="net.sourceforge.cssparser:cssparser:jar" value="/Users/dparillo/.m2/repository/net/sourceforge/cssparser/cssparser/0.9.7/cssparser-0.9.7.jar" />
    <property name="net.sourceforge.nekohtml:nekohtml:jar" value="/Users/dparillo/.m2/repository/net/sourceforge/nekohtml/nekohtml/1.9.16/nekohtml-1.9.16.jar" />
    <property name="commons-logging:commons-logging:jar" value="/Users/dparillo/.m2/repository/commons-logging/commons-logging/1.1.1/commons-logging-1.1.1.jar" />
    <property name="line.separator" value="&#xa;" />
    <property name="org.bouncycastle:bcmail-jdk15:jar" value="/Users/dparillo/.m2/repository/org/bouncycastle/bcmail-jdk15/1.44/bcmail-jdk15-1.44.jar" />
    <property name="env.NETCDF" value="/opt/local" />
    <property name="ant.file.type" value="file" />
    <property name="log.dir" value="/Users/dparillo/dev/NITES/svn/git/webtest/build/log" />
    <property name="org.apache.httpcomponents:httpclient:jar" value="/Users/dparillo/.m2/repository/org/apache/httpcomponents/httpclient/4.2.1/httpclient-4.2.1.jar" />
    <property name="java.vm.info" value="mixed mode" />
    <property name="plugindir" value="/Users/dparillo/dev/NITES/svn/git/webtest/build/classes/generated/com/canoo/webtest/plugins/pdftest" />
    <property name="com.agical.rmock:rmock:jar" value="/Users/dparillo/.m2/repository/com/agical/rmock/rmock/2.0.2/rmock-2.0.2.jar" />
    <property name="java.vm.specification.name" value="Java Virtual Machine Specification" />
    <property name="javax.mail:mail:jar" value="/Users/dparillo/.m2/repository/javax/mail/mail/1.4/mail-1.4.jar" />
    <property name="ant.file.CanooWebTest" value="/Users/dparillo/dev/NITES/svn/git/webtest/build.xml" />
    <property name="env.__CF_USER_TEXT_ENCODING" value="0x1F5:0x0:0x0" />
    <property name="org.apache.httpcomponents:httpmime:jar" value="/Users/dparillo/.m2/repository/org/apache/httpcomponents/httpmime/4.2.1/httpmime-4.2.1.jar" />
    <property name="http.nonProxyHosts" value="local|*.local|169.254/16|*.169.254/16" />
    <property name="org.apache.poi:poi:jar" value="/Users/dparillo/.m2/repository/org/apache/poi/poi/3.7/poi-3.7.jar" />
    <property name="java.awt.printerjob" value="sun.lwawt.macosx.CPrinterJob" />
    <property name="env.WEBTEST_HOME" value="/Users/dparillo/dev/NITES/svn/git/webtest" />
    <property name="clover.jar" value="/Users/dparillo/dev/NITES/svn/git/webtest/lib/build/clover.jar" />
    <property name="webtest.port" value="19090" />
    <property name="ant.version" value="Apache Ant(TM) version 1.10.1 compiled on February 2 2017" />
    <property name="easymock:easymock:jar" value="/Users/dparillo/.m2/repository/easymock/easymock/1.0/easymock-1.0.jar" />
    <property name="xml-apis:xml-apis:jar" value="/Users/dparillo/.m2/repository/xml-apis/xml-apis/1.3.04/xml-apis-1.3.04.jar" />
    <property name="env.XPC_FLAGS" value="0x0" />
    <property name="org.apache.xmlbeans:xmlbeans:jar" value="/Users/dparillo/.m2/repository/org/apache/xmlbeans/xmlbeans/2.3.0/xmlbeans-2.3.0.jar" />
    <property name="org.apache.httpcomponents:httpcore:jar" value="/Users/dparillo/.m2/repository/org/apache/httpcomponents/httpcore/4.2.1/httpcore-4.2.1.jar" />
    <property name="gopherProxySet" value="false" />
    <property name="org.apache.pdfbox:fontbox:jar" value="/Users/dparillo/.m2/repository/org/apache/pdfbox/fontbox/1.4.0/fontbox-1.4.0.jar" />
    <property name="os.name" value="Mac OS X" />
    <property name="java.specification.vendor" value="Oracle Corporation" />
    <property name="env.TERM" value="xterm-256color" />
    <property name="java.vm.name" value="Java HotSpot(TM) 64-Bit Server VM" />
    <property name="org.apache.poi:poi-ooxml:jar" value="/Users/dparillo/.m2/repository/org/apache/poi/poi-ooxml/3.7/poi-ooxml-3.7.jar" />
    <property name="commons-fileupload:commons-fileupload:jar" value="/Users/dparillo/.m2/repository/commons-fileupload/commons-fileupload/1.2/commons-fileupload-1.2.jar" />
    <property name="java.library.path" value="/Users/dparillo/Library/Java/Extensions:/Library/Java/Extensions:/Network/Library/Java/Extensions:/System/Library/Java/Extensions:/usr/lib/java:." />
    <property name="env.PATH" value="/opt/local/bin:/opt/local/sbin:/usr/local/bin:/usr/bin:/bin:/usr/sbin:/sbin:/opt/X11/bin:/usr/local/MacGPG2/bin:/Users/dparillo/dev/APS/wrf/ncl/bin:/Library/Frameworks/GDAL.framework/Programs:/Users/dparillo/bin:/Users/dparillo/bin/Yoga:/Users/dparillo/bin/checker-278/bin:/Users/dparillo/bin/webtest/bin:/Applications/Android Studio.app/sdk/platform-tools:/Library/Java/JavaVirtualMachines/jdk1.8.0_60.jdk/Contents/Home/bin" />
    <property name="oro:oro:jar" value="/Users/dparillo/.m2/repository/oro/oro/2.0.8/oro-2.0.8.jar" />
    <property name="org.apache.poi:poi-ooxml-schemas:jar" value="/Users/dparillo/.m2/repository/org/apache/poi/poi-ooxml-schemas/3.7/poi-ooxml-schemas-3.7.jar" />
    <property name="ant.java.version" value="1.8" />
    <property name="clover.history.dir" value="/Users/dparillo/dev/NITES/svn/git/webtest/.clover/history" />
    <property name="basedir" value="/Users/dparillo/dev/NITES/svn/git/webtest" />
    <property name="java.class.version" value="52.0" />
    <property name="env.SHLVL" value="1" />
    <property name="org.apache.ant:ant-nodeps:jar" value="/Users/dparillo/.m2/repository/org/apache/ant/ant-nodeps/1.8.1/ant-nodeps-1.8.1.jar" />
    <property name="org.apache.ant:ant-launcher:jar" value="/Users/dparillo/.m2/repository/org/apache/ant/ant-launcher/1.10.1/ant-launcher-1.10.1.jar" />
    <property name="ant.home" value="/Users/dparillo/dev/NITES/svn/git/webtest" />
    <property name="dom4j:dom4j:jar" value="/Users/dparillo/.m2/repository/dom4j/dom4j/1.6.1/dom4j-1.6.1.jar" />
    <property name="log4j.configuration" value="log4j.junit.xml" />
    <property name="sun.boot.library.path" value="/Library/Java/JavaVirtualMachines/jdk1.8.0_60.jdk/Contents/Home/jre/lib" />
    <property name="build.dir" value="/Users/dparillo/dev/NITES/svn/git/webtest/build" />
    <property name="org.apache.pdfbox:pdfbox:jar" value="/Users/dparillo/.m2/repository/org/apache/pdfbox/pdfbox/1.4.0/pdfbox-1.4.0.jar" />
    <property name="sun.management.compiler" value="HotSpot 64-Bit Tiered Compilers" />
    <property name="java.awt.graphicsenv" value="sun.awt.CGraphicsEnvironment" />
    <property name="webtest.host" value="localhost" />
    <property name="env.USER" value="dparillo" />
    <property name="build.docs" value="/Users/dparillo/dev/NITES/svn/git/webtest/build/docs" />
    <property name="net.sourceforge.htmlunit:htmlunit-core-js:jar" value="/Users/dparillo/.m2/repository/net/sourceforge/htmlunit/htmlunit-core-js/2.10/htmlunit-core-js-2.10.jar" />
    <property name="build.main.classes" value="/Users/dparillo/dev/NITES/svn/git/webtest/build/classes" />
    <property name="org.apache.ant:ant-apache-bsf:jar" value="/Users/dparillo/.m2/repository/org/apache/ant/ant-apache-bsf/1.10.1/ant-apache-bsf-1.10.1.jar" />
    <property name="env.TERM_PROGRAM" value="Apple_Terminal" />
    <property name="build.runtime" value="/Users/dparillo/dev/NITES/svn/git/webtest/build/runtime" />
    <property name="ant.project.name" value="CanooWebTest" />
    <property name="log4j.defaultInitOverride" value="false" />
    <property name="xalan:serializer:jar" value="/Users/dparillo/.m2/repository/xalan/serializer/2.7.1/serializer-2.7.1.jar" />
    <property name="java.vm.specification.version" value="1.8" />
    <property name="awt.toolkit" value="sun.lwawt.macosx.LWCToolkit" />
    <property name="build.test.classes" value="/Users/dparillo/dev/NITES/svn/git/webtest/build/classes-test" />
    <property name="sun.cpu.isalist" value="" />
    <property name="java.ext.dirs" value="/Users/dparillo/Library/Java/Extensions:/Library/Java/JavaVirtualMachines/jdk1.8.0_60.jdk/Contents/Home/jre/lib/ext:/Library/Java/Extensions:/Network/Library/Java/Extensions:/System/Library/Java/Extensions:/usr/lib/java" />
    <property name="os.version" value="10.10.5" />
    <property name="org.apache.ant:ant:jar" value="/Users/dparillo/.m2/repository/org/apache/ant/ant/1.10.1/ant-1.10.1.jar" />
    <property name="user.home" value="/Users/dparillo" />
    <property name="org.hamcrest:hamcrest-core:jar" value="/Users/dparillo/.m2/repository/org/hamcrest/hamcrest-core/1.3/hamcrest-core-1.3.jar" />
    <property name="java.vm.vendor" value="Oracle Corporation" />
    <property name="org.w3c.css:sac:jar" value="/Users/dparillo/.m2/repository/org/w3c/css/sac/1.3/sac-1.3.jar" />
    <property name="env.JAVA_HOME" value="/Library/Java/JavaVirtualMachines/jdk1.8.0_60.jdk/Contents/Home" />
    <property name="env.XPC_SERVICE_NAME" value="0" />
    <property name="user.dir" value="/Users/dparillo/dev/NITES/svn/git/webtest" />
    <property name="testScript" value="TestSuite" />
    <property name="env.PWD" value="/Users/dparillo/dev/NITES/svn/git/webtest" />
    <property name="xerces:xercesImpl:jar" value="/Users/dparillo/.m2/repository/xerces/xercesImpl/2.9.1/xercesImpl-2.9.1.jar" />
    <property name="junitdoc.dir" value="/Users/dparillo/dev/NITES/svn/git/webtest/build/docs/junit" />
    <property name="clover.or.plain" value="plain" />
    <property name="sun.cpu.endian" value="little" />
    <property name="bsf:bsf:jar" value="/Users/dparillo/.m2/repository/bsf/bsf/2.4.0/bsf-2.4.0.jar" />
    <property name="org.apache.ant:ant-junit:jar" value="/Users/dparillo/.m2/repository/org/apache/ant/ant-junit/1.10.1/ant-junit-1.10.1.jar" />
    <property name="env.CXXFLAGS" value="-std=c++11 -Wall -Wextra -pedantic" />
    <property name="env.TMPDIR" value="/var/folders/_v/dgtryp4s1y31fhznr66lbkhc0000gn/T/" />
    <property name="org.json:json:jar" value="/Users/dparillo/.m2/repository/org/json/json/20170516/json-20170516.jar" />
    <property name="java.vm.version" value="25.60-b23" />
    <property name="java.class.path" value="/Users/dparillo/dev/NITES/svn/git/webtest/src/test/resources:/Users/dparillo/dev/NITES/svn/git/webtest/lib/log4j:/Users/dparillo/dev/NITES/svn/git/webtest/lib:/Users/dparillo/dev/NITES/svn/git/webtest/lib/ant-1.10.1.jar:/Users/dparillo/dev/NITES/svn/git/webtest/lib/ant-junit-1.10.1.jar:/Users/dparillo/dev/NITES/svn/git/webtest/lib/ant-launcher-1.10.1.jar:/Users/dparillo/dev/NITES/svn/git/webtest/lib/build/ant-contrib.jar:/Users/dparillo/dev/NITES/svn/git/webtest/lib/build/clover.jar:/Users/dparillo/dev/NITES/svn/git/webtest/lib/build/maven-ant-tasks-2.1.3.custom.jar:/Users/dparillo/dev/NITES/svn/git/webtest/lib/build/xdoclet-1.2.2.jar:/Users/dparillo/dev/NITES/svn/git/webtest/lib/build/xjavadoc-1.1.jar:/Users/dparillo/.m2/repository/net/sourceforge/htmlunit/htmlunit/2.10/htmlunit-2.10.jar:/Users/dparillo/.m2/repository/xalan/xalan/2.7.1/xalan-2.7.1.jar:/Users/dparillo/.m2/repository/xalan/serializer/2.7.1/serializer-2.7.1.jar:/Users/dparillo/.m2/repository/xml-apis/xml-apis/1.3.04/xml-apis-1.3.04.jar:/Users/dparillo/.m2/repository/commons-collections/commons-collections/3.2.1/commons-collections-3.2.1.jar:/Users/dparillo/.m2/repository/org/apache/commons/commons-lang3/3.1/commons-lang3-3.1.jar:/Users/dparillo/.m2/repository/org/apache/httpcomponents/httpclient/4.2.1/httpclient-4.2.1.jar:/Users/dparillo/.m2/repository/org/apache/httpcomponents/httpcore/4.2.1/httpcore-4.2.1.jar:/Users/dparillo/.m2/repository/commons-logging/commons-logging/1.1.1/commons-logging-1.1.1.jar:/Users/dparillo/.m2/repository/commons-codec/commons-codec/1.6/commons-codec-1.6.jar:/Users/dparillo/.m2/repository/org/apache/httpcomponents/httpmime/4.2.1/httpmime-4.2.1.jar:/Users/dparillo/.m2/repository/net/sourceforge/htmlunit/htmlunit-core-js/2.10/htmlunit-core-js-2.10.jar:/Users/dparillo/.m2/repository/xerces/xercesImpl/2.9.1/xercesImpl-2.9.1.jar:/Users/dparillo/.m2/repository/net/sourceforge/nekohtml/nekohtml/1.9.16/nekohtml-1.9.16.jar:/Users/dparillo/.m2/repository/net/sourceforge/cssparser/cssparser/0.9.7/cssparser-0.9.7.jar:/Users/dparillo/.m2/repository/org/w3c/css/sac/1.3/sac-1.3.jar:/Users/dparillo/.m2/repository/commons-io/commons-io/2.2/commons-io-2.2.jar:/Users/dparillo/.m2/repository/org/json/json/20170516/json-20170516.jar:/Users/dparillo/.m2/repository/rhino/js/1.7R1/js-1.7R1.jar:/Users/dparillo/.m2/repository/junit/junit/4.12/junit-4.12.jar:/Users/dparillo/.m2/repository/org/hamcrest/hamcrest-core/1.3/hamcrest-core-1.3.jar:/Users/dparillo/.m2/repository/org/hamcrest/hamcrest-all/1.3/hamcrest-all-1.3.jar:/Users/dparillo/.m2/repository/org/apache/ant/ant/1.10.1/ant-1.10.1.jar:/Users/dparillo/.m2/repository/org/apache/ant/ant-launcher/1.10.1/ant-launcher-1.10.1.jar:/Users/dparillo/.m2/repository/org/apache/ant/ant-nodeps/1.8.1/ant-nodeps-1.8.1.jar:/Users/dparillo/.m2/repository/org/apache/ant/ant-trax/1.8.0/ant-trax-1.8.0.jar:/Users/dparillo/.m2/repository/org/apache/ant/ant-apache-xalan2/1.8.0/ant-apache-xalan2-1.8.0.jar:/Users/dparillo/.m2/repository/org/apache/ant/ant-apache-bsf/1.10.1/ant-apache-bsf-1.10.1.jar:/Users/dparillo/.m2/repository/bsf/bsf/2.4.0/bsf-2.4.0.jar:/Users/dparillo/.m2/repository/org/apache/ant/ant-junit/1.10.1/ant-junit-1.10.1.jar:/Users/dparillo/.m2/repository/easymock/easymock/1.0/easymock-1.0.jar:/Users/dparillo/.m2/repository/com/agical/rmock/rmock/2.0.2/rmock-2.0.2.jar:/Users/dparillo/.m2/repository/cglib/cglib-nodep/2.1_2/cglib-nodep-2.1_2.jar:/Users/dparillo/.m2/repository/commons-fileupload/commons-fileupload/1.2/commons-fileupload-1.2.jar:/Users/dparillo/.m2/repository/commons-lang/commons-lang/2.6/commons-lang-2.6.jar:/Users/dparillo/.m2/repository/org/codehaus/groovy/groovy-all/2.4.12/groovy-all-2.4.12.jar:/Users/dparillo/.m2/repository/oro/oro/2.0.8/oro-2.0.8.jar:/Users/dparillo/.m2/repository/log4j/log4j/1.2.17/log4j-1.2.17.jar:/Users/dparillo/.m2/repository/javax/mail/mail/1.4/mail-1.4.jar:/Users/dparillo/.m2/repository/javax/activation/activation/1.1/activation-1.1.jar:/Users/dparillo/.m2/repository/org/netbeans/jemmy/2.2.7.5/jemmy-2.2.7.5.jar:/Users/dparillo/.m2/repository/org/apache/poi/poi/3.7/poi-3.7.jar:/Users/dparillo/.m2/repository/org/apache/poi/poi-ooxml/3.7/poi-ooxml-3.7.jar:/Users/dparillo/.m2/repository/org/apache/poi/poi-ooxml-schemas/3.7/poi-ooxml-schemas-3.7.jar:/Users/dparillo/.m2/repository/org/apache/xmlbeans/xmlbeans/2.3.0/xmlbeans-2.3.0.jar:/Users/dparillo/.m2/repository/stax/stax-api/1.0.1/stax-api-1.0.1.jar:/Users/dparillo/.m2/repository/org/apache/geronimo/specs/geronimo-stax-api_1.0_spec/1.0/geronimo-stax-api_1.0_spec-1.0.jar:/Users/dparillo/.m2/repository/dom4j/dom4j/1.6.1/dom4j-1.6.1.jar:/Users/dparillo/.m2/repository/org/apache/pdfbox/pdfbox/1.4.0/pdfbox-1.4.0.jar:/Users/dparillo/.m2/repository/org/apache/pdfbox/fontbox/1.4.0/fontbox-1.4.0.jar:/Users/dparillo/.m2/repository/org/apache/pdfbox/jempbox/1.4.0/jempbox-1.4.0.jar:/Users/dparillo/.m2/repository/net/sf/opencsv/opencsv/2.3/opencsv-2.3.jar:/Users/dparillo/.m2/repository/org/bouncycastle/bcmail-jdk15/1.44/bcmail-jdk15-1.44.jar:/Users/dparillo/.m2/repository/org/bouncycastle/bcprov-jdk15/1.44/bcprov-jdk15-1.44.jar:/Users/dparillo/.m2/repository/javax/servlet/servlet-api/2.4/servlet-api-2.4.jar:/Users/dparillo/dev/NITES/svn/git/webtest/deploy/plain/webtest.jar:/Users/dparillo/dev/NITES/svn/git/webtest/build/classes-test/plain:/Users/dparillo/dev/NITES/svn/git/webtest/build/AppletScenarii.jar:/Users/dparillo/dev/NITES/svn/git/webtest/build/AwtApplet.jar:/Users/dparillo/dev/NITES/svn/git/webtest/build/CookieApplet.jar:/Users/dparillo/dev/NITES/svn/git/webtest/build/JemmyApplet.jar:/Users/dparillo/dev/NITES/svn/git/webtest/build/ParameterApplet.jar:/Users/dparillo/dev/NITES/svn/git/webtest/build/Selftests.jar:/Users/dparillo/dev/NITES/svn/git/webtest/build/SwingApplet.jar" />
    <property name="DSTAMP" value="20170717" />
    <property name="org.apache.ant:ant-apache-xalan2:jar" value="/Users/dparillo/.m2/repository/org/apache/ant/ant-apache-xalan2/1.8.0/ant-apache-xalan2-1.8.0.jar" />
    <property name="ant.library.dir" value="/Users/dparillo/dev/NITES/svn/git/webtest/lib" />
    <property name="os.arch" value="x86_64" />
    <property name="env.Apple_PubSub_Socket_Render" value="/private/tmp/com.apple.launchd.dSKML7VhnK/Render" />
    <property name="net.sourceforge.htmlunit:htmlunit:jar" value="/Users/dparillo/.m2/repository/net/sourceforge/htmlunit/htmlunit/2.10/htmlunit-2.10.jar" />
    <property name="deploy.dir" value="deploy" />
    <property name="clover.dir" value="/Users/dparillo/dev/NITES/svn/git/webtest/.clover/clover_measure" />
    <property name="sun.java.launcher" value="SUN_STANDARD" />
    <property name="env.JAVA_MAIN_CLASS_27664" value="org.apache.tools.ant.launch.Launcher" />
    <property name="webtest.ssl2.port" value="19092" />
    <property name="ant.core.lib" value="/Users/dparillo/dev/NITES/svn/git/webtest/lib/ant-1.10.1.jar" />
    <property name="java.vm.specification.vendor" value="Oracle Corporation" />
    <property name="TSTAMP" value="1741" />
    <property name="file.separator" value="/" />
    <property name="junit:junit:jar" value="/Users/dparillo/.m2/repository/junit/junit/4.12/junit-4.12.jar" />
    <property name="webtest.ssl.port" value="19091" />
    <property name="java.runtime.version" value="1.8.0_60-b27" />
    <property name="sun.boot.class.path" value="/Library/Java/JavaVirtualMachines/jdk1.8.0_60.jdk/Contents/Home/jre/lib/resources.jar:/Library/Java/JavaVirtualMachines/jdk1.8.0_60.jdk/Contents/Home/jre/lib/rt.jar:/Library/Java/JavaVirtualMachines/jdk1.8.0_60.jdk/Contents/Home/jre/lib/sunrsasign.jar:/Library/Java/JavaVirtualMachines/jdk1.8.0_60.jdk/Contents/Home/jre/lib/jsse.jar:/Library/Java/JavaVirtualMachines/jdk1.8.0_60.jdk/Contents/Home/jre/lib/jce.jar:/Library/Java/JavaVirtualMachines/jdk1.8.0_60.jdk/Contents/Home/jre/lib/charsets.jar:/Library/Java/JavaVirtualMachines/jdk1.8.0_60.jdk/Contents/Home/jre/lib/jfr.jar:/Library/Java/JavaVirtualMachines/jdk1.8.0_60.jdk/Contents/Home/jre/classes" />
    <property name="org.apache.ant:ant-trax:jar" value="/Users/dparillo/.m2/repository/org/apache/ant/ant-trax/1.8.0/ant-trax-1.8.0.jar" />
    <property name="env.SSH_AUTH_SOCK" value="/private/tmp/com.apple.launchd.jppFDG6onz/Listeners" />
    <property name="docs.dir" value="doc" />
    <property name="user.country" value="US" />
    <property name="webtest.proxy.port" value="19093" />
    <property name="rhino:js:jar" value="/Users/dparillo/.m2/repository/rhino/js/1.7R1/js-1.7R1.jar" />
    <property name="env.SHELL" value="/bin/bash" />
    <property name="org.netbeans:jemmy:jar" value="/Users/dparillo/.m2/repository/org/netbeans/jemmy/2.2.7.5/jemmy-2.2.7.5.jar" />
    <property name="org.bouncycastle:bcprov-jdk15:jar" value="/Users/dparillo/.m2/repository/org/bouncycastle/bcprov-jdk15/1.44/bcprov-jdk15-1.44.jar" />
    <property name="java.vendor" value="Oracle Corporation" />
    <property name="env.DBUS_LAUNCHD_SESSION_BUS_SOCKET" value="/private/tmp/com.apple.launchd.nNbuMRZjhe/unix_domain_listener" />
    <property name="java.specification.version" value="1.8" />
    <property name="sun.arch.data.model" value="64" />
  </properties>
  <testcase classname="com.canoo.webtest.extension.NormalizeXmlFilterTest" name="testNormalizesContentHtml" time="0.011" />
  <testcase classname="com.canoo.webtest.extension.NormalizeXmlFilterTest" name="testNormalizesContentNoXML" time="0.003" />
  <testcase classname="com.canoo.webtest.extension.NormalizeXmlFilterTest" name="testNormalizesContentXML" time="0.008" />
  <system-out><![CDATA[]]></system-out>
  <system-err><![CDATA[]]></system-err>
</testsuite>
